<?xml version="1.0" encoding="UTF-8"?>
<!-- Generated by org.testng.reporters.JUnitReportReporter -->
<testsuite hostname="DESKTOP-VPOCKJB" failures="0" tests="1" name="com.seleniumfundamental.calenderframes.CalenderConcept" time="2.303" errors="0" timestamp="2024-08-06T11:20:14 IST" skipped="0">
  <testcase classname="com.seleniumfundamental.calenderframes.CalenderConcept" name="handlecalender" time="2.303"/>
</testsuite> <!-- com.seleniumfundamental.calenderframes.CalenderConcept -->
