<?xml version="1.0" encoding="UTF-8"?>
<!-- Generated by org.testng.reporters.JUnitReportReporter -->
<testsuite hostname="DESKTOP-VPOCKJB" failures="0" tests="1" name="com.seleniumfundamental.webtable.TableHeading" time="0.101" errors="0" timestamp="2024-08-05T12:53:30 IST" skipped="0">
  <testcase classname="com.seleniumfundamental.webtable.TableHeading" name="testnumberofrowsandcolumns" time="0.101"/>
</testsuite> <!-- com.seleniumfundamental.webtable.TableHeading -->
