<?xml version="1.0" encoding="UTF-8"?>
<!-- Generated by org.testng.reporters.JUnitReportReporter -->
<testsuite hostname="DESKTOP-VPOCKJB" failures="0" tests="1" name="com.seleniumfundamental.scrolleffect.ScrollDown" time="3.106" errors="0" timestamp="2024-08-06T12:54:43 IST" skipped="0">
  <testcase classname="com.seleniumfundamental.scrolleffect.ScrollDown" name="scrolltoelement" time="3.106"/>
</testsuite> <!-- com.seleniumfundamental.scrolleffect.ScrollDown -->
