<?xml version="1.0" encoding="UTF-8"?>
<!-- Generated by org.testng.reporters.JUnitReportReporter -->
<testsuite hostname="DESKTOP-VPOCKJB" failures="0" tests="1" name="com.seleniumfundamental.webtable.GetMaxiumPriceinColumn" time="0.686" errors="0" timestamp="2024-08-06T10:49:50 IST" skipped="0">
  <testcase classname="com.seleniumfundamental.webtable.GetMaxiumPriceinColumn" name="getMaxiumPriceincolumn" time="0.686"/>
</testsuite> <!-- com.seleniumfundamental.webtable.GetMaxiumPriceinColumn -->
