<?xml version="1.0" encoding="UTF-8"?>
<!-- Generated by org.testng.reporters.JUnitReportReporter -->
<testsuite hostname="DESKTOP-VPOCKJB" failures="0" tests="1" name="com.seleniumfundamental.checkboxes.UnSelectCheckboxByid" time="4.148" errors="0" timestamp="2024-08-05T11:59:28 IST" skipped="0">
  <testcase classname="com.seleniumfundamental.checkboxes.UnSelectCheckboxByid" name="checkboxById" time="4.148"/>
</testsuite> <!-- com.seleniumfundamental.checkboxes.UnSelectCheckboxByid -->
