<?xml version="1.0" encoding="UTF-8"?>
<!-- Generated by org.testng.reporters.JUnitReportReporter -->
<testsuite hostname="DESKTOP-VPOCKJB" failures="0" tests="1" name="com.seleniumfundamental.calenderframes.SwitchToFrameByIndex" time="0.061" errors="0" timestamp="2024-08-06T11:48:45 IST" skipped="0">
  <testcase classname="com.seleniumfundamental.calenderframes.SwitchToFrameByIndex" name="getframeByIndex" time="0.061"/>
</testsuite> <!-- com.seleniumfundamental.calenderframes.SwitchToFrameByIndex -->
