<?xml version="1.0" encoding="UTF-8"?>
<!-- Generated by org.testng.reporters.JUnitReportReporter -->
<testsuite hostname="DESKTOP-VPOCKJB" failures="0" tests="1" name="com.seleniumfundamental.checkboxes.SelectMultipleCheckbox" time="3.199" errors="0" timestamp="2024-08-05T11:56:58 IST" skipped="0">
  <testcase classname="com.seleniumfundamental.checkboxes.SelectMultipleCheckbox" name="checkboxById" time="3.199"/>
</testsuite> <!-- com.seleniumfundamental.checkboxes.SelectMultipleCheckbox -->
