<?xml version="1.0" encoding="UTF-8"?>
<!-- Generated by org.testng.reporters.JUnitReportReporter -->
<testsuite hostname="DESKTOP-VPOCKJB" failures="0" tests="1" name="com.seleniumfundamental.mouseEvents.DragandDrop" time="4.373" errors="0" timestamp="2024-08-02T12:46:12 IST" skipped="0">
  <testcase classname="com.seleniumfundamental.mouseEvents.DragandDrop" name="draganddroptest" time="4.373"/>
</testsuite> <!-- com.seleniumfundamental.mouseEvents.DragandDrop -->
