<?xml version="1.0" encoding="UTF-8"?>
<!-- Generated by org.testng.reporters.JUnitReportReporter -->
<testsuite hostname="DESKTOP-VPOCKJB" failures="0" tests="1" name="com.seleniumfundamental.calenderframes.SwitchToFrameByID" time="0.077" errors="0" timestamp="2024-08-06T11:59:11 IST" skipped="0">
  <testcase classname="com.seleniumfundamental.calenderframes.SwitchToFrameByID" name="getframeByIndex" time="0.077"/>
</testsuite> <!-- com.seleniumfundamental.calenderframes.SwitchToFrameByID -->
