<?xml version="1.0" encoding="UTF-8"?>
<!-- Generated by org.testng.reporters.JUnitReportReporter -->
<testsuite hostname="DESKTOP-VPOCKJB" failures="0" tests="1" name="com.seleniumfundamental.checkboxes.UnSelectMultipleCheckbox" time="6.660" errors="0" timestamp="2024-08-05T12:06:16 IST" skipped="0">
  <testcase classname="com.seleniumfundamental.checkboxes.UnSelectMultipleCheckbox" name="uncheck" time="6.660"/>
</testsuite> <!-- com.seleniumfundamental.checkboxes.UnSelectMultipleCheckbox -->
