<?xml version="1.0" encoding="UTF-8"?>
<!-- Generated by org.testng.reporters.JUnitReportReporter -->
<testsuite hostname="DESKTOP-VPOCKJB" failures="0" tests="1" name="com.seleniumfundamental.mouseEvents.ClickandHold" time="5.262" errors="0" timestamp="2024-08-02T11:44:07 IST" skipped="0">
  <testcase classname="com.seleniumfundamental.mouseEvents.ClickandHold" name="clickandholdTest" time="5.262"/>
</testsuite> <!-- com.seleniumfundamental.mouseEvents.ClickandHold -->
