<?xml version="1.0" encoding="UTF-8"?>
<!-- Generated by org.testng.reporters.JUnitReportReporter -->
<testsuite hostname="DESKTOP-VPOCKJB" failures="0" tests="1" name="com.seleniumfundamental.webtable.NumberofRowsandColumns" time="0.037" errors="0" timestamp="2024-08-05T12:40:17 IST" skipped="0">
  <testcase classname="com.seleniumfundamental.webtable.NumberofRowsandColumns" name="testnumberofrowsandcolumns" time="0.037"/>
</testsuite> <!-- com.seleniumfundamental.webtable.NumberofRowsandColumns -->
