<?xml version="1.0" encoding="UTF-8"?>
<!-- Generated by org.testng.reporters.JUnitReportReporter -->
<testsuite hostname="DESKTOP-VPOCKJB" failures="0" tests="1" name="com.seleniumfundamental.keyboardevents.KeyboardEvents" time="0.381" errors="0" timestamp="2024-08-02T11:17:15 IST" skipped="0">
  <testcase classname="com.seleniumfundamental.keyboardevents.KeyboardEvents" name="getkeyboardEvent" time="0.381"/>
</testsuite> <!-- com.seleniumfundamental.keyboardevents.KeyboardEvents -->
