<?xml version="1.0" encoding="UTF-8"?>
<!-- Generated by org.testng.reporters.JUnitReportReporter -->
<testsuite hostname="DESKTOP-VPOCKJB" failures="0" tests="1" name="com.seleniumfundamental.mouseEvents.DoubleClick" time="9.470" errors="0" timestamp="2024-08-02T12:00:25 IST" skipped="0">
  <testcase classname="com.seleniumfundamental.mouseEvents.DoubleClick" name="doubleclickTest" time="9.470"/>
</testsuite> <!-- com.seleniumfundamental.mouseEvents.DoubleClick -->
