<?xml version="1.0" encoding="UTF-8"?>
<!-- Generated by org.testng.reporters.JUnitReportReporter -->
<testsuite hostname="DESKTOP-VPOCKJB" failures="0" tests="1" name="com.seleniumfundamental.checkboxes.SelectCheckboxByid" time="2.082" errors="0" timestamp="2024-08-05T11:51:42 IST" skipped="0">
  <testcase classname="com.seleniumfundamental.checkboxes.SelectCheckboxByid" name="checkboxById" time="2.082"/>
</testsuite> <!-- com.seleniumfundamental.checkboxes.SelectCheckboxByid -->
