<?xml version="1.0" encoding="UTF-8"?>
<!-- Generated by org.testng.reporters.JUnitReportReporter -->
<testsuite hostname="DESKTOP-VPOCKJB" failures="0" tests="1" name="com.seleniumfundamental.dropdownbox.Selectdropbox" time="33.271" errors="0" timestamp="2024-08-07T13:06:55 IST" skipped="0">
  <testcase classname="com.seleniumfundamental.dropdownbox.Selectdropbox" name="listofalloptions" time="33.271"/>
</testsuite> <!-- com.seleniumfundamental.dropdownbox.Selectdropbox -->
