<?xml version="1.0" encoding="UTF-8"?>
<!-- Generated by org.testng.reporters.JUnitReportReporter -->
<testsuite hostname="DESKTOP-VPOCKJB" failures="0" tests="1" name="com.seleniumfundamental.wait.ImplcitiwaitConcept" time="14.109" errors="0" timestamp="2024-08-08T10:48:59 IST" skipped="0">
  <testcase classname="com.seleniumfundamental.wait.ImplcitiwaitConcept" name="f" time="14.109"/>
</testsuite> <!-- com.seleniumfundamental.wait.ImplcitiwaitConcept -->
