<?xml version="1.0" encoding="UTF-8"?>
<!-- Generated by org.testng.reporters.JUnitReportReporter -->
<testsuite hostname="DESKTOP-VPOCKJB" failures="0" tests="1" name="com.seleniumfundamental.mouseEvents.RightClick" time="12.633" errors="0" timestamp="2024-08-02T12:16:12 IST" skipped="0">
  <testcase classname="com.seleniumfundamental.mouseEvents.RightClick" name="rightclickTest" time="12.633"/>
</testsuite> <!-- com.seleniumfundamental.mouseEvents.RightClick -->
