<?xml version="1.0" encoding="UTF-8"?>
<!-- Generated by org.testng.reporters.JUnitReportReporter -->
<testsuite hostname="DESKTOP-VPOCKJB" failures="0" tests="1" name="com.seleniumfundamental.wait.WebDriverwaitConcept" time="11.093" errors="0" timestamp="2024-08-08T11:23:03 IST" skipped="0">
  <testcase classname="com.seleniumfundamental.wait.WebDriverwaitConcept" name="explicitWait" time="11.093"/>
</testsuite> <!-- com.seleniumfundamental.wait.WebDriverwaitConcept -->
