<?xml version="1.0" encoding="UTF-8"?>
<!-- Generated by org.testng.reporters.JUnitReportReporter -->
<testsuite hostname="DESKTOP-VPOCKJB" failures="0" tests="1" name="com.seleniumfundamental.calenderframes.CountTotalFrames" time="0.028" errors="0" timestamp="2024-08-06T11:41:25 IST" skipped="0">
  <testcase classname="com.seleniumfundamental.calenderframes.CountTotalFrames" name="countIframeNumber" time="0.028"/>
</testsuite> <!-- com.seleniumfundamental.calenderframes.CountTotalFrames -->
