<?xml version="1.0" encoding="UTF-8"?>
<!-- Generated by org.testng.reporters.JUnitReportReporter -->
<testsuite hostname="DESKTOP-VPOCKJB" failures="0" tests="2" name="com.seleniumfundamental.formwebelement.SelectRadioButton" time="5.190" errors="0" timestamp="2024-08-05T11:17:18 IST" skipped="0">
  <testcase classname="com.seleniumfundamental.formwebelement.SelectRadioButton" name="radioButton" time="3.084"/>
  <testcase classname="com.seleniumfundamental.formwebelement.SelectRadioButton" name="radioButtonGroup" time="2.106"/>
</testsuite> <!-- com.seleniumfundamental.formwebelement.SelectRadioButton -->
