<?xml version="1.0" encoding="UTF-8"?>
<!-- Generated by org.testng.reporters.JUnitReportReporter -->
<testsuite hostname="DESKTOP-VPOCKJB" failures="0" tests="1" name="com.seleniumfundamental.wait.FluentwaitConcept" time="32.563" errors="0" timestamp="2024-08-08T11:48:35 IST" skipped="0">
  <testcase classname="com.seleniumfundamental.wait.FluentwaitConcept" name="fluentwait" time="32.563"/>
</testsuite> <!-- com.seleniumfundamental.wait.FluentwaitConcept -->
