<?xml version="1.0" encoding="UTF-8"?>
<!-- Generated by org.testng.reporters.JUnitReportReporter -->
<testsuite hostname="DESKTOP-VPOCKJB" failures="0" tests="1" name="com.seleniumfundamental.scrolleffect.ScrollToElementwithPause" time="10.103" errors="0" timestamp="2024-08-06T13:10:31 IST" skipped="0">
  <testcase classname="com.seleniumfundamental.scrolleffect.ScrollToElementwithPause" name="scrolldown" time="10.103"/>
</testsuite> <!-- com.seleniumfundamental.scrolleffect.ScrollToElementwithPause -->
