<?xml version="1.0" encoding="UTF-8"?>
<!-- Generated by org.testng.reporters.JUnitReportReporter -->
<testsuite hostname="DESKTOP-VPOCKJB" failures="0" tests="1" name="com.seleniumfundamental.calenderframes.SwitchToFrameByName" time="0.119" errors="0" timestamp="2024-08-06T12:08:22 IST" skipped="0">
  <testcase classname="com.seleniumfundamental.calenderframes.SwitchToFrameByName" name="getFrameByWebElement" time="0.119"/>
</testsuite> <!-- com.seleniumfundamental.calenderframes.SwitchToFrameByName -->
