<?xml version="1.0" encoding="UTF-8"?>
<!-- Generated by org.testng.reporters.JUnitReportReporter -->
<testsuite hostname="DESKTOP-VPOCKJB" failures="0" tests="1" name="com.seleniumfundamental.webtable.FetchDataValuesofCells" time="0.090" errors="0" timestamp="2024-08-06T10:20:53 IST" skipped="0">
  <testcase classname="com.seleniumfundamental.webtable.FetchDataValuesofCells" name="getcellValueofRowandColumn" time="0.090"/>
</testsuite> <!-- com.seleniumfundamental.webtable.FetchDataValuesofCells -->
