<?xml version="1.0" encoding="UTF-8"?>
<!-- Generated by org.testng.reporters.JUnitReportReporter -->
<testsuite hostname="DESKTOP-VPOCKJB" failures="0" tests="1" name="com.seleniumfundamental.windowhandle.CounttheWindow" time="5.189" errors="0" timestamp="2024-08-07T12:32:46 IST" skipped="0">
  <testcase classname="com.seleniumfundamental.windowhandle.CounttheWindow" name="switchToTab" time="5.189"/>
</testsuite> <!-- com.seleniumfundamental.windowhandle.CounttheWindow -->
